<?xml version="1.0" encoding="UTF-8"?>
<robot generator="Robot 3.1.1 (Python 3.7.3 on win32)" generated="20190425 16:01:59.933" rpa="false">
<suite id="s1" name="Logowanie" source="C:\Users\Testarmy\PycharmProjects\orangehrm\logowanie.robot">
<test id="s1-t1" name="Wylogowanie">
<kw name="PoprawneLogowanie" library="Poprawnelogowanie">
<kw name="Strona logowania" library="Keywords">
<kw name="Open Browser" library="Selenium2Library">
<doc>Opens a new browser instance to the given ``url``.</doc>
<arguments>
<arg>https://opensource-demo.orangehrmlive.com/</arg>
<arg>Chrome</arg>
</arguments>
<msg timestamp="20190425 16:02:00.221" level="INFO">Opening browser 'Chrome' to base url 'https://opensource-demo.orangehrmlive.com/'.</msg>
<status status="PASS" starttime="20190425 16:02:00.220" endtime="20190425 16:02:05.490"></status>
</kw>
<status status="PASS" starttime="20190425 16:02:00.220" endtime="20190425 16:02:05.490"></status>
</kw>
<kw name="Maximize Browser Window" library="Selenium2Library">
<doc>Maximizes current browser window.</doc>
<status status="PASS" starttime="20190425 16:02:05.490" endtime="20190425 16:02:06.629"></status>
</kw>
<kw name="Username" library="Keywords">
<arguments>
<arg>Admin</arg>
</arguments>
<kw name="Input Text" library="Selenium2Library">
<doc>Types the given ``text`` into text field identified by ``locator``.</doc>
<arguments>
<arg>id=txtUsername</arg>
<arg>${Username}</arg>
</arguments>
<msg timestamp="20190425 16:02:06.630" level="INFO">Typing text 'Admin' into text field 'id=txtUsername'.</msg>
<status status="PASS" starttime="20190425 16:02:06.630" endtime="20190425 16:02:06.738"></status>
</kw>
<status status="PASS" starttime="20190425 16:02:06.629" endtime="20190425 16:02:06.739"></status>
</kw>
<kw name="Password" library="Keywords">
<arguments>
<arg>admin123</arg>
</arguments>
<kw name="Input Text" library="Selenium2Library">
<doc>Types the given ``text`` into text field identified by ``locator``.</doc>
<arguments>
<arg>id=txtPassword</arg>
<arg>${Password}</arg>
</arguments>
<msg timestamp="20190425 16:02:06.739" level="INFO">Typing text 'admin123' into text field 'id=txtPassword'.</msg>
<status status="PASS" starttime="20190425 16:02:06.739" endtime="20190425 16:02:06.843"></status>
</kw>
<status status="PASS" starttime="20190425 16:02:06.739" endtime="20190425 16:02:06.844"></status>
</kw>
<kw name="Sleep" library="BuiltIn">
<doc>Pauses the test executed for the given time.</doc>
<arguments>
<arg>3s</arg>
</arguments>
<msg timestamp="20190425 16:02:09.845" level="INFO">Slept 3 seconds</msg>
<status status="PASS" starttime="20190425 16:02:06.844" endtime="20190425 16:02:09.845"></status>
</kw>
<kw name="Zatwierdz" library="Keywords">
<kw name="Click Button" library="Selenium2Library">
<doc>Clicks button identified by ``locator``.</doc>
<arguments>
<arg>id=btnLogin</arg>
</arguments>
<msg timestamp="20190425 16:02:09.846" level="INFO">Clicking button 'id=btnLogin'.</msg>
<status status="PASS" starttime="20190425 16:02:09.845" endtime="20190425 16:02:12.173"></status>
</kw>
<status status="PASS" starttime="20190425 16:02:09.845" endtime="20190425 16:02:12.173"></status>
</kw>
<status status="PASS" starttime="20190425 16:02:00.220" endtime="20190425 16:02:12.173"></status>
</kw>
<kw name="Sleep" library="BuiltIn">
<doc>Pauses the test executed for the given time.</doc>
<arguments>
<arg>3</arg>
</arguments>
<msg timestamp="20190425 16:02:15.177" level="INFO">Slept 3 seconds</msg>
<status status="PASS" starttime="20190425 16:02:12.174" endtime="20190425 16:02:15.177"></status>
</kw>
<kw name="WelcomeBtn" library="Keywords">
<kw name="Click Element" library="Selenium2Library">
<doc>Click element identified by ``locator``.</doc>
<arguments>
<arg>id=welcome</arg>
</arguments>
<msg timestamp="20190425 16:02:15.178" level="INFO">Clicking element 'id=welcome'.</msg>
<status status="PASS" starttime="20190425 16:02:15.178" endtime="20190425 16:02:15.239"></status>
</kw>
<status status="PASS" starttime="20190425 16:02:15.177" endtime="20190425 16:02:15.239"></status>
</kw>
<kw name="Sleep" library="BuiltIn">
<doc>Pauses the test executed for the given time.</doc>
<arguments>
<arg>3</arg>
</arguments>
<msg timestamp="20190425 16:02:18.241" level="INFO">Slept 3 seconds</msg>
<status status="PASS" starttime="20190425 16:02:15.240" endtime="20190425 16:02:18.241"></status>
</kw>
<kw name="Page Should Contain Element" library="Selenium2Library">
<doc>Verifies that element ``locator`` is found on the current page.</doc>
<arguments>
<arg>xpath=//div/ul/li[2]/a[starts-with(@href, '/index.php/auth/logout')]</arg>
</arguments>
<msg timestamp="20190425 16:02:18.256" level="INFO">Current page contains element 'xpath=//div/ul/li[2]/a[starts-with(@href, '/index.php/auth/logout')]'.</msg>
<status status="PASS" starttime="20190425 16:02:18.242" endtime="20190425 16:02:18.257"></status>
</kw>
<kw name="Click Element" library="Selenium2Library">
<doc>Click element identified by ``locator``.</doc>
<arguments>
<arg>xpath=//div/ul/li[2]/a[starts-with(@href, '/index.php/auth/logout')]</arg>
</arguments>
<msg timestamp="20190425 16:02:18.257" level="INFO">Clicking element 'xpath=//div/ul/li[2]/a[starts-with(@href, '/index.php/auth/logout')]'.</msg>
<status status="PASS" starttime="20190425 16:02:18.257" endtime="20190425 16:02:18.755"></status>
</kw>
<kw name="Sleep" library="BuiltIn">
<doc>Pauses the test executed for the given time.</doc>
<arguments>
<arg>1</arg>
</arguments>
<msg timestamp="20190425 16:02:19.757" level="INFO">Slept 1 second</msg>
<status status="PASS" starttime="20190425 16:02:18.755" endtime="20190425 16:02:19.757"></status>
</kw>
<kw name="Close Browser" library="Selenium2Library">
<doc>Closes the current browser.</doc>
<status status="PASS" starttime="20190425 16:02:19.757" endtime="20190425 16:02:21.925"></status>
</kw>
<status status="PASS" starttime="20190425 16:02:00.219" endtime="20190425 16:02:21.926" critical="yes"></status>
</test>
<doc>Logowanie</doc>
<status status="PASS" starttime="20190425 16:01:59.935" endtime="20190425 16:02:21.928"></status>
</suite>
<statistics>
<total>
<stat pass="1" fail="0">Critical Tests</stat>
<stat pass="1" fail="0">All Tests</stat>
</total>
<tag>
</tag>
<suite>
<stat pass="1" fail="0" id="s1" name="Logowanie">Logowanie</stat>
</suite>
</statistics>
<errors>
</errors>
</robot>
