<?xml version="1.0" encoding="UTF-8"?>
<robot generator="Robot 3.1.1 (Python 3.7.3 on win32)" generated="20190418 14:04:06.276" rpa="false">
<suite id="s1" name="Logowanie" source="C:\Users\Testarmy\PycharmProjects\orangehrm\Logowanie.robot">
<test id="s1-t1" name="Poprawne logowanie">
<kw name="Strona logowania" library="Keywords">
<kw name="Open Browser" library="Selenium2Library">
<doc>Opens a new browser instance to the given ``url``.</doc>
<arguments>
<arg>https://opensource-demo.orangehrmlive.com/</arg>
<arg>Chrome</arg>
</arguments>
<msg timestamp="20190418 14:04:06.511" level="INFO">Opening browser 'Chrome' to base url 'https://opensource-demo.orangehrmlive.com/'.</msg>
<status status="PASS" starttime="20190418 14:04:06.511" endtime="20190418 14:04:10.997"></status>
</kw>
<status status="PASS" starttime="20190418 14:04:06.511" endtime="20190418 14:04:10.997"></status>
</kw>
<kw name="Maximize Browser Window" library="Selenium2Library">
<doc>Maximizes current browser window.</doc>
<status status="PASS" starttime="20190418 14:04:10.998" endtime="20190418 14:04:12.134"></status>
</kw>
<kw name="Username" library="Keywords">
<arguments>
<arg>Admin</arg>
</arguments>
<kw name="Input Text" library="Selenium2Library">
<doc>Types the given ``text`` into text field identified by ``locator``.</doc>
<arguments>
<arg>txtUsername</arg>
<arg>${Username}</arg>
</arguments>
<msg timestamp="20190418 14:04:12.134" level="INFO">Typing text 'Admin' into text field 'txtUsername'.</msg>
<status status="PASS" starttime="20190418 14:04:12.134" endtime="20190418 14:04:12.231"></status>
</kw>
<status status="PASS" starttime="20190418 14:04:12.134" endtime="20190418 14:04:12.231"></status>
</kw>
<kw name="Password" library="Keywords">
<arguments>
<arg>admin123</arg>
</arguments>
<kw name="Input Text" library="Selenium2Library">
<doc>Types the given ``text`` into text field identified by ``locator``.</doc>
<arguments>
<arg>txtPassword</arg>
<arg>${Password}</arg>
</arguments>
<msg timestamp="20190418 14:04:12.232" level="INFO">Typing text 'admin123' into text field 'txtPassword'.</msg>
<status status="PASS" starttime="20190418 14:04:12.232" endtime="20190418 14:04:12.321"></status>
</kw>
<status status="PASS" starttime="20190418 14:04:12.232" endtime="20190418 14:04:12.322"></status>
</kw>
<kw name="Sleep" library="BuiltIn">
<doc>Pauses the test executed for the given time.</doc>
<arguments>
<arg>3</arg>
</arguments>
<msg timestamp="20190418 14:04:15.329" level="INFO">Slept 3 seconds</msg>
<status status="PASS" starttime="20190418 14:04:12.322" endtime="20190418 14:04:15.329"></status>
</kw>
<kw name="Zatwierdz" library="Keywords">
<kw name="Click Button" library="Selenium2Library">
<doc>Clicks button identified by ``locator``.</doc>
<arguments>
<arg>btnLogin</arg>
</arguments>
<msg timestamp="20190418 14:04:15.329" level="INFO">Clicking button 'btnLogin'.</msg>
<status status="PASS" starttime="20190418 14:04:15.329" endtime="20190418 14:04:16.732"></status>
</kw>
<status status="PASS" starttime="20190418 14:04:15.329" endtime="20190418 14:04:16.732"></status>
</kw>
<kw name="Close Browser" library="Selenium2Library">
<doc>Closes the current browser.</doc>
<status status="PASS" starttime="20190418 14:04:16.732" endtime="20190418 14:04:18.917"></status>
</kw>
<status status="PASS" starttime="20190418 14:04:06.511" endtime="20190418 14:04:18.917" critical="yes"></status>
</test>
<doc>Logowanie</doc>
<status status="PASS" starttime="20190418 14:04:06.291" endtime="20190418 14:04:18.917"></status>
</suite>
<statistics>
<total>
<stat pass="1" fail="0">Critical Tests</stat>
<stat pass="1" fail="0">All Tests</stat>
</total>
<tag>
</tag>
<suite>
<stat pass="1" fail="0" id="s1" name="Logowanie">Logowanie</stat>
</suite>
</statistics>
<errors>
</errors>
</robot>
